This file contains any messages produced by compilers while
running configure, to aid debugging if configure makes a mistake.

It was created by wmudmount configure 3.0, which was
generated by GNU Autoconf 2.69.  Invocation command line was

  $ ./configure 

## --------- ##
## Platform. ##
## --------- ##

hostname = patrick-mac
uname -m = x86_64
uname -r = 6.12.48+deb13-amd64
uname -s = Linux
uname -v = #1 SMP PREEMPT_DYNAMIC Debian 6.12.48-1 (2025-09-20)

/usr/bin/uname -p = unknown
/bin/uname -X     = unknown

/bin/arch              = x86_64
/usr/bin/arch -k       = unknown
/usr/convex/getsysinfo = unknown
/usr/bin/hostinfo      = unknown
/bin/machine           = unknown
/usr/bin/oslevel       = unknown
/bin/universe          = unknown

PATH: /home/patrick/GNUstep/Tools
PATH: /Local/Tools
PATH: /System/Tools
PATH: /home/patrick/.local/bin
PATH: /usr/local/bin
PATH: /usr/bin
PATH: /bin
PATH: /usr/local/games
PATH: /usr/games


## ----------- ##
## Core tests. ##
## ----------- ##

configure:2326: checking for a BSD-compatible install
configure:2394: result: /usr/bin/install -c
configure:2405: checking whether build environment is sane
configure:2460: result: yes
configure:2611: checking for a thread-safe mkdir -p
configure:2650: result: /usr/bin/mkdir -p
configure:2657: checking for gawk
configure:2673: found /usr/bin/gawk
configure:2684: result: gawk
configure:2695: checking whether make sets $(MAKE)
configure:2717: result: yes
configure:2746: checking whether make supports nested variables
configure:2763: result: yes
configure:2900: checking whether make supports nested variables
configure:2917: result: yes
configure:2938: checking for gawk
configure:2965: result: gawk
configure:3024: checking for gcc
configure:3040: found /usr/bin/gcc
configure:3051: result: gcc
configure:3280: checking for C compiler version
configure:3289: gcc --version >&5
gcc (Debian 14.2.0-19) 14.2.0
Copyright (C) 2024 Free Software Foundation, Inc.
This is free software; see the source for copying conditions.  There is NO
warranty; not even for MERCHANTABILITY or FITNESS FOR A PARTICULAR PURPOSE.

configure:3300: $? = 0
configure:3289: gcc -v >&5
Using built-in specs.
COLLECT_GCC=gcc
COLLECT_LTO_WRAPPER=/usr/libexec/gcc/x86_64-linux-gnu/14/lto-wrapper
OFFLOAD_TARGET_NAMES=nvptx-none:amdgcn-amdhsa
OFFLOAD_TARGET_DEFAULT=1
Target: x86_64-linux-gnu
Configured with: ../src/configure -v --with-pkgversion='Debian 14.2.0-19' --with-bugurl=file:///usr/share/doc/gcc-14/README.Bugs --enable-languages=c,ada,c++,go,d,fortran,objc,obj-c++,m2,rust --prefix=/usr --with-gcc-major-version-only --program-suffix=-14 --program-prefix=x86_64-linux-gnu- --enable-shared --enable-linker-build-id --libexecdir=/usr/libexec --without-included-gettext --enable-threads=posix --libdir=/usr/lib --enable-nls --enable-bootstrap --enable-clocale=gnu --enable-libstdcxx-debug --enable-libstdcxx-time=yes --with-default-libstdcxx-abi=new --enable-libstdcxx-backtrace --enable-gnu-unique-object --disable-vtable-verify --enable-plugin --enable-default-pie --with-system-zlib --enable-libphobos-checking=release --with-target-system-zlib=auto --enable-objc-gc=auto --enable-multiarch --disable-werror --enable-cet --with-arch-32=i686 --with-abi=m64 --with-multilib-list=m32,m64,mx32 --enable-multilib --with-tune=generic --enable-offload-targets=nvptx-none=/build/reproducible-path/gcc-14-14.2.0/debian/tmp-nvptx/usr,amdgcn-amdhsa=/build/reproducible-path/gcc-14-14.2.0/debian/tmp-gcn/usr --enable-offload-defaulted --without-cuda-driver --enable-checking=release --build=x86_64-linux-gnu --host=x86_64-linux-gnu --target=x86_64-linux-gnu --with-build-config=bootstrap-lto-lean --enable-link-serialization=3
Thread model: posix
Supported LTO compression algorithms: zlib zstd
gcc version 14.2.0 (Debian 14.2.0-19) 
... rest of stderr output deleted ...
configure:3300: $? = 0
configure:3289: gcc -V >&5
gcc: error: unrecognized command-line option '-V'
gcc: fatal error: no input files
compilation terminated.
configure:3300: $? = 1
configure:3289: gcc -qversion >&5
gcc: error: unrecognized command-line option '-qversion'; did you mean '--version'?
gcc: fatal error: no input files
compilation terminated.
configure:3300: $? = 1
configure:3320: checking whether the C compiler works
configure:3342: gcc    conftest.c  >&5
configure:3346: $? = 0
configure:3394: result: yes
configure:3397: checking for C compiler default output file name
configure:3399: result: a.out
configure:3405: checking for suffix of executables
configure:3412: gcc -o conftest    conftest.c  >&5
configure:3416: $? = 0
configure:3438: result: 
configure:3460: checking whether we are cross compiling
configure:3468: gcc -o conftest    conftest.c  >&5
configure:3472: $? = 0
configure:3479: ./conftest
configure:3483: $? = 0
configure:3498: result: no
configure:3503: checking for suffix of object files
configure:3525: gcc -c   conftest.c >&5
configure:3529: $? = 0
configure:3550: result: o
configure:3554: checking whether we are using the GNU C compiler
configure:3573: gcc -c   conftest.c >&5
configure:3573: $? = 0
configure:3582: result: yes
configure:3591: checking whether gcc accepts -g
configure:3611: gcc -c -g  conftest.c >&5
configure:3611: $? = 0
configure:3652: result: yes
configure:3669: checking for gcc option to accept ISO C89
configure:3732: gcc  -c -g -O2  conftest.c >&5
configure:3732: $? = 0
configure:3745: result: none needed
configure:3770: checking whether gcc understands -c and -o together
configure:3792: gcc -c conftest.c -o conftest2.o
configure:3795: $? = 0
configure:3792: gcc -c conftest.c -o conftest2.o
configure:3795: $? = 0
configure:3807: result: yes
configure:3827: checking whether make supports the include directive
configure:3842: make -f confmf.GNU && cat confinc.out
this is the am__doit target
configure:3845: $? = 0
configure:3864: result: yes (GNU style)
configure:3889: checking dependency style of gcc
configure:4000: result: gcc3
configure:4019: checking for gcc option to accept ISO C99
configure:4168: gcc  -c -g -O2  conftest.c >&5
configure:4168: $? = 0
configure:4181: result: none needed
configure:4289: checking for gcc option to accept ISO Standard C
configure:4300: result: none needed
configure:4308: checking whether ln -s works
configure:4312: result: yes
configure:4362: checking for ranlib
configure:4378: found /usr/bin/ranlib
configure:4389: result: ranlib
configure:4413: checking whether the linker accepts -Wl,--as-needed
configure:4432: gcc -o conftest -g -O2  -Wl,--as-needed conftest.c  >&5
configure:4432: $? = 0
configure:4443: result: yes
configure:4454: checking for round in -lm
configure:4479: gcc -o conftest -g -O2   -Wl,--as-needed conftest.c -lm   >&5
conftest.c:18:6: warning: conflicting types for built-in function 'round'; expected 'double(double)' [-Wbuiltin-declaration-mismatch]
   18 | char round ();
      |      ^~~~~
conftest.c:1:1: note: 'round' is declared in header '<math.h>'
    1 | /* confdefs.h */
configure:4479: $? = 0
configure:4488: result: yes
configure:4553: checking for pkg-config
configure:4571: found /usr/bin/pkg-config
configure:4583: result: /usr/bin/pkg-config
configure:4608: checking pkg-config is at least version 0.9.0
configure:4611: result: yes
configure:4621: checking for udisks2
configure:4628: $PKG_CONFIG --exists --print-errors "udisks2"
configure:4631: $? = 0
configure:4645: $PKG_CONFIG --exists --print-errors "udisks2"
configure:4648: $? = 0
configure:4706: result: yes
configure:4711: checking whether libnotify support is desired
configure:4721: result: check
configure:4820: checking for libnotify
configure:4827: $PKG_CONFIG --exists --print-errors "libnotify"
Package libnotify was not found in the pkg-config search path.
Perhaps you should add the directory containing `libnotify.pc'
to the PKG_CONFIG_PATH environment variable
Package 'libnotify', required by 'virtual:world', not found
configure:4830: $? = 1
configure:4844: $PKG_CONFIG --exists --print-errors "libnotify"
Package libnotify was not found in the pkg-config search path.
Perhaps you should add the directory containing `libnotify.pc'
to the PKG_CONFIG_PATH environment variable
Package 'libnotify', required by 'virtual:world', not found
configure:4847: $? = 1
configure:4861: result: no
Package 'libnotify', required by 'virtual:world', not found
configure:4893: checking whether libsecret support is desired
configure:4903: result: yes
configure:4908: checking for secret
configure:4915: $PKG_CONFIG --exists --print-errors "libsecret-1"
configure:4918: $? = 0
configure:4932: $PKG_CONFIG --exists --print-errors "libsecret-1"
configure:4935: $? = 0
configure:4989: result: yes
configure:4997: checking whether gcr (secure memory) support is desired
configure:5007: result: yes
configure:5012: checking for gcr
configure:5019: $PKG_CONFIG --exists --print-errors "gcr-3"
configure:5022: $? = 0
configure:5036: $PKG_CONFIG --exists --print-errors "gcr-3"
configure:5039: $? = 0
configure:5095: result: yes
configure:5109: checking how to run the C preprocessor
configure:5140: gcc -E  conftest.c
configure:5140: $? = 0
configure:5154: gcc -E  conftest.c
conftest.c:14:10: fatal error: ac_nonexistent.h: No such file or directory
   14 | #include <ac_nonexistent.h>
      |          ^~~~~~~~~~~~~~~~~~
compilation terminated.
configure:5154: $? = 1
configure: failed program was:
| /* confdefs.h */
| #define PACKAGE_NAME "wmudmount"
| #define PACKAGE_TARNAME "wmudmount"
| #define PACKAGE_VERSION "3.0"
| #define PACKAGE_STRING "wmudmount 3.0"
| #define PACKAGE_BUGREPORT ""
| #define PACKAGE_URL ""
| #define PACKAGE "wmudmount"
| #define VERSION "3.0"
| #define HAVE_LIBM 1
| #define HAVE_SECRET 1
| #define HAVE_GCR 1
| /* end confdefs.h.  */
| #include <ac_nonexistent.h>
configure:5179: result: gcc -E
configure:5199: gcc -E  conftest.c
configure:5199: $? = 0
configure:5213: gcc -E  conftest.c
conftest.c:14:10: fatal error: ac_nonexistent.h: No such file or directory
   14 | #include <ac_nonexistent.h>
      |          ^~~~~~~~~~~~~~~~~~
compilation terminated.
configure:5213: $? = 1
configure: failed program was:
| /* confdefs.h */
| #define PACKAGE_NAME "wmudmount"
| #define PACKAGE_TARNAME "wmudmount"
| #define PACKAGE_VERSION "3.0"
| #define PACKAGE_STRING "wmudmount 3.0"
| #define PACKAGE_BUGREPORT ""
| #define PACKAGE_URL ""
| #define PACKAGE "wmudmount"
| #define VERSION "3.0"
| #define HAVE_LIBM 1
| #define HAVE_SECRET 1
| #define HAVE_GCR 1
| /* end confdefs.h.  */
| #include <ac_nonexistent.h>
configure:5242: checking for X
configure:5350: gcc -E  conftest.c
configure:5350: $? = 0
configure:5381: gcc -o conftest -g -O2   -Wl,--as-needed conftest.c -lX11 -lm  >&5
configure:5381: $? = 0
configure:5431: result: libraries , headers 
configure:5530: gcc -o conftest -g -O2   -Wl,--as-needed conftest.c -lm   -lX11 >&5
configure:5530: $? = 0
configure:5628: checking for gethostbyname
configure:5628: gcc -o conftest -g -O2   -Wl,--as-needed conftest.c -lm  >&5
configure:5628: $? = 0
configure:5628: result: yes
configure:5725: checking for connect
configure:5725: gcc -o conftest -g -O2   -Wl,--as-needed conftest.c -lm  >&5
configure:5725: $? = 0
configure:5725: result: yes
configure:5774: checking for remove
configure:5774: gcc -o conftest -g -O2   -Wl,--as-needed conftest.c -lm  >&5
configure:5774: $? = 0
configure:5774: result: yes
configure:5823: checking for shmat
configure:5823: gcc -o conftest -g -O2   -Wl,--as-needed conftest.c -lm  >&5
configure:5823: $? = 0
configure:5823: result: yes
configure:5881: checking for IceConnectionNumber in -lICE
configure:5906: gcc -o conftest -g -O2   -Wl,--as-needed conftest.c -lICE  -lm  >&5
configure:5906: $? = 0
configure:5915: result: yes
configure:6001: checking for pkg-config
configure:6031: result: /usr/bin/pkg-config
configure:6056: checking pkg-config is at least version 0.16
configure:6059: result: yes
configure:6072: checking for GTK+ - version >= 3.16.0
configure:6179: gcc -o conftest -g -O2 -I/usr/include/gtk-3.0 -I/usr/include/pango-1.0 -I/usr/include/glib-2.0 -I/usr/lib/x86_64-linux-gnu/glib-2.0/include -I/usr/include/sysprof-6 -I/usr/include/harfbuzz -I/usr/include/freetype2 -I/usr/include/libpng16 -I/usr/include/libmount -I/usr/include/blkid -I/usr/include/fribidi -I/usr/include/cairo -I/usr/include/pixman-1 -I/usr/include/gdk-pixbuf-2.0 -I/usr/include/x86_64-linux-gnu -I/usr/include/webp -I/usr/include/gio-unix-2.0 -I/usr/include/cloudproviders -I/usr/include/atk-1.0 -I/usr/include/at-spi2-atk/2.0 -I/usr/include/at-spi-2.0 -I/usr/include/dbus-1.0 -I/usr/lib/x86_64-linux-gnu/dbus-1.0/include -pthread    -Wl,--as-needed conftest.c -lgtk-3 -lgdk-3 -lz -lpangocairo-1.0 -lpango-1.0 -lharfbuzz -latk-1.0 -lcairo-gobject -lcairo -lgdk_pixbuf-2.0 -lgio-2.0 -lgobject-2.0 -lglib-2.0  -lm  >&5
configure:6179: $? = 0
configure:6179: ./conftest
configure:6179: $? = 0
configure:6193: result: yes (version 3.24.49)
configure:6255: checking for gdk_pixbuf
configure:6262: $PKG_CONFIG --exists --print-errors "gdk-pixbuf-2.0"
configure:6265: $? = 0
configure:6279: $PKG_CONFIG --exists --print-errors "gdk-pixbuf-2.0"
configure:6282: $? = 0
configure:6340: result: yes
configure:6344: checking for grep that handles long lines and -e
configure:6402: result: /usr/bin/grep
configure:6407: checking for egrep
configure:6469: result: /usr/bin/grep -E
configure:6474: checking for ANSI C header files
configure:6494: gcc -c -g -O2  conftest.c >&5
configure:6494: $? = 0
configure:6567: gcc -o conftest -g -O2   -Wl,--as-needed conftest.c -lm  >&5
configure:6567: $? = 0
configure:6567: ./conftest
configure:6567: $? = 0
configure:6578: result: yes
configure:6593: checking for sys/types.h
configure:6593: gcc -c -g -O2  conftest.c >&5
configure:6593: $? = 0
configure:6593: result: yes
configure:6593: checking for sys/stat.h
configure:6593: gcc -c -g -O2  conftest.c >&5
configure:6593: $? = 0
configure:6593: result: yes
configure:6593: checking for stdlib.h
configure:6593: gcc -c -g -O2  conftest.c >&5
configure:6593: $? = 0
configure:6593: result: yes
configure:6593: checking for string.h
configure:6593: gcc -c -g -O2  conftest.c >&5
configure:6593: $? = 0
configure:6593: result: yes
configure:6593: checking for memory.h
configure:6593: gcc -c -g -O2  conftest.c >&5
configure:6593: $? = 0
configure:6593: result: yes
configure:6593: checking for strings.h
configure:6593: gcc -c -g -O2  conftest.c >&5
configure:6593: $? = 0
configure:6593: result: yes
configure:6593: checking for inttypes.h
configure:6593: gcc -c -g -O2  conftest.c >&5
configure:6593: $? = 0
configure:6593: result: yes
configure:6593: checking for stdint.h
configure:6593: gcc -c -g -O2  conftest.c >&5
configure:6593: $? = 0
configure:6593: result: yes
configure:6593: checking for unistd.h
configure:6593: gcc -c -g -O2  conftest.c >&5
configure:6593: $? = 0
configure:6593: result: yes
configure:6608: checking for string.h
configure:6608: result: yes
configure:6608: checking sys/statvfs.h usability
configure:6608: gcc -c -g -O2  conftest.c >&5
configure:6608: $? = 0
configure:6608: result: yes
configure:6608: checking sys/statvfs.h presence
configure:6608: gcc -E  conftest.c
configure:6608: $? = 0
configure:6608: result: yes
configure:6608: checking for sys/statvfs.h
configure:6608: result: yes
configure:6621: checking whether time.h and sys/time.h may both be included
configure:6641: gcc -c -g -O2  conftest.c >&5
configure:6641: $? = 0
configure:6648: result: yes
configure:6658: checking for an ANSI C-conforming const
configure:6724: gcc -c -g -O2  conftest.c >&5
configure:6724: $? = 0
configure:6731: result: yes
configure:6739: checking for inline
configure:6755: gcc -c -g -O2  conftest.c >&5
configure:6755: $? = 0
configure:6763: result: inline
configure:6781: checking for size_t
configure:6781: gcc -c -g -O2  conftest.c >&5
configure:6781: $? = 0
configure:6781: gcc -c -g -O2  conftest.c >&5
conftest.c: In function 'main':
conftest.c:63:21: error: expected expression before ')' token
   63 | if (sizeof ((size_t)))
      |                     ^
configure:6781: $? = 1
configure: failed program was:
| /* confdefs.h */
| #define PACKAGE_NAME "wmudmount"
| #define PACKAGE_TARNAME "wmudmount"
| #define PACKAGE_VERSION "3.0"
| #define PACKAGE_STRING "wmudmount 3.0"
| #define PACKAGE_BUGREPORT ""
| #define PACKAGE_URL ""
| #define PACKAGE "wmudmount"
| #define VERSION "3.0"
| #define HAVE_LIBM 1
| #define HAVE_SECRET 1
| #define HAVE_GCR 1
| #define STDC_HEADERS 1
| #define HAVE_SYS_TYPES_H 1
| #define HAVE_SYS_STAT_H 1
| #define HAVE_STDLIB_H 1
| #define HAVE_STRING_H 1
| #define HAVE_MEMORY_H 1
| #define HAVE_STRINGS_H 1
| #define HAVE_INTTYPES_H 1
| #define HAVE_STDINT_H 1
| #define HAVE_UNISTD_H 1
| #define HAVE_STRING_H 1
| #define HAVE_SYS_STATVFS_H 1
| #define TIME_WITH_SYS_TIME 1
| /* end confdefs.h.  */
| #include <stdio.h>
| #ifdef HAVE_SYS_TYPES_H
| # include <sys/types.h>
| #endif
| #ifdef HAVE_SYS_STAT_H
| # include <sys/stat.h>
| #endif
| #ifdef STDC_HEADERS
| # include <stdlib.h>
| # include <stddef.h>
| #else
| # ifdef HAVE_STDLIB_H
| #  include <stdlib.h>
| # endif
| #endif
| #ifdef HAVE_STRING_H
| # if !defined STDC_HEADERS && defined HAVE_MEMORY_H
| #  include <memory.h>
| # endif
| # include <string.h>
| #endif
| #ifdef HAVE_STRINGS_H
| # include <strings.h>
| #endif
| #ifdef HAVE_INTTYPES_H
| # include <inttypes.h>
| #endif
| #ifdef HAVE_STDINT_H
| # include <stdint.h>
| #endif
| #ifdef HAVE_UNISTD_H
| # include <unistd.h>
| #endif
| int
| main ()
| {
| if (sizeof ((size_t)))
| 	    return 0;
|   ;
|   return 0;
| }
configure:6781: result: yes
configure:6796: checking for stdlib.h
configure:6796: result: yes
configure:6806: checking for GNU libc compatible malloc
configure:6830: gcc -o conftest -g -O2   -Wl,--as-needed conftest.c -lm  >&5
configure:6830: $? = 0
configure:6830: ./conftest
configure:6830: $? = 0
configure:6840: result: yes
configure:6863: checking for pipe2
configure:6863: gcc -o conftest -g -O2   -Wl,--as-needed conftest.c -lm  >&5
configure:6863: $? = 0
configure:6863: result: yes
configure:6880: checking for memset
configure:6880: gcc -o conftest -g -O2   -Wl,--as-needed conftest.c -lm  >&5
conftest.c:53:6: warning: conflicting types for built-in function 'memset'; expected 'void *(void *, int,  long unsigned int)' [-Wbuiltin-declaration-mismatch]
   53 | char memset ();
      |      ^~~~~~
conftest.c:41:1: note: 'memset' is declared in header '<string.h>'
   40 | # include <limits.h>
   41 | #else
configure:6880: $? = 0
configure:6880: result: yes
configure:6880: checking for strtol
configure:6880: gcc -o conftest -g -O2   -Wl,--as-needed conftest.c -lm  >&5
configure:6880: $? = 0
configure:6880: result: yes
configure:6892: checking for prctl and PR_SET_DUMPABLE
configure:6904: gcc -c -g -O2  conftest.c >&5
configure:6904: $? = 0
configure:6909: result: yes
configure:6920: checking for statvfs
configure:6920: gcc -o conftest -g -O2   -Wl,--as-needed conftest.c -lm  >&5
configure:6920: $? = 0
configure:6920: result: yes
configure:7040: checking mntent.h usability
configure:7040: gcc -c -g -O2  conftest.c >&5
configure:7040: $? = 0
configure:7040: result: yes
configure:7040: checking mntent.h presence
configure:7040: gcc -E  conftest.c
configure:7040: $? = 0
configure:7040: result: yes
configure:7040: checking for mntent.h
configure:7040: result: yes
configure:7046: checking for struct mntent and getmntent in mntent.h
configure:7062: gcc -c -g -O2  conftest.c >&5
configure:7062: $? = 0
configure:7066: result: yes
configure:7081: checking fstab.h usability
configure:7081: gcc -c -g -O2  conftest.c >&5
configure:7081: $? = 0
configure:7081: result: yes
configure:7081: checking fstab.h presence
configure:7081: gcc -E  conftest.c
configure:7081: $? = 0
configure:7081: result: yes
configure:7081: checking for fstab.h
configure:7081: result: yes
configure:7087: checking for struct fstab and getfsent in fstab.h
configure:7101: gcc -c -g -O2  conftest.c >&5
configure:7101: $? = 0
configure:7105: result: yes
configure:7237: checking that generated files are newer than configure
configure:7243: result: done
configure:7266: creating ./config.status

## ---------------------- ##
## Running config.status. ##
## ---------------------- ##

This file was extended by wmudmount config.status 3.0, which was
generated by GNU Autoconf 2.69.  Invocation command line was

  CONFIG_FILES    = 
  CONFIG_HEADERS  = 
  CONFIG_LINKS    = 
  CONFIG_COMMANDS = 
  $ ./config.status 

on patrick-mac

config.status:912: creating Makefile
config.status:912: creating b0rken/Makefile
config.status:912: creating m4/Makefile
config.status:912: creating icons/Makefile
config.status:912: creating icons/scalable/Makefile
config.status:912: creating icons/16x16/Makefile
config.status:912: creating icons/22x22/Makefile
config.status:912: creating icons/48x48/Makefile
config.status:912: creating config.h
config.status:1093: config.h is unchanged
config.status:1141: executing depfiles commands
config.status:1218: cd .       && sed -e '/# am--include-marker/d' Makefile         | make -f - am--depfiles
make: Nothing to be done for 'am--depfiles'.
config.status:1223: $? = 0
config.status:1218: cd b0rken       && sed -e '/# am--include-marker/d' Makefile         | make -f - am--depfiles
make: Nothing to be done for 'am--depfiles'.
config.status:1223: $? = 0

## ---------------- ##
## Cache variables. ##
## ---------------- ##

ac_cv_c_compiler_gnu=yes
ac_cv_c_const=yes
ac_cv_c_inline=inline
ac_cv_env_CC_set=
ac_cv_env_CC_value=
ac_cv_env_CFLAGS_set=
ac_cv_env_CFLAGS_value=
ac_cv_env_CPPFLAGS_set=
ac_cv_env_CPPFLAGS_value=
ac_cv_env_CPP_set=
ac_cv_env_CPP_value=
ac_cv_env_LDFLAGS_set=
ac_cv_env_LDFLAGS_value=
ac_cv_env_LIBS_set=
ac_cv_env_LIBS_value=
ac_cv_env_PKG_CONFIG_LIBDIR_set=
ac_cv_env_PKG_CONFIG_LIBDIR_value=
ac_cv_env_PKG_CONFIG_PATH_set=set
ac_cv_env_PKG_CONFIG_PATH_value=/home/patrick/GNUstep/Library/Libraries/pkgconfig:/Local/Library/Libraries/pkgconfig:/System/Library/Libraries/pkgconfig
ac_cv_env_PKG_CONFIG_set=
ac_cv_env_PKG_CONFIG_value=
ac_cv_env_XMKMF_set=
ac_cv_env_XMKMF_value=
ac_cv_env_build_alias_set=
ac_cv_env_build_alias_value=
ac_cv_env_gcr_CFLAGS_set=
ac_cv_env_gcr_CFLAGS_value=
ac_cv_env_gcr_LIBS_set=
ac_cv_env_gcr_LIBS_value=
ac_cv_env_gdk_pixbuf_CFLAGS_set=
ac_cv_env_gdk_pixbuf_CFLAGS_value=
ac_cv_env_gdk_pixbuf_LIBS_set=
ac_cv_env_gdk_pixbuf_LIBS_value=
ac_cv_env_host_alias_set=
ac_cv_env_host_alias_value=
ac_cv_env_libnotify_CFLAGS_set=
ac_cv_env_libnotify_CFLAGS_value=
ac_cv_env_libnotify_LIBS_set=
ac_cv_env_libnotify_LIBS_value=
ac_cv_env_secret_CFLAGS_set=
ac_cv_env_secret_CFLAGS_value=
ac_cv_env_secret_LIBS_set=
ac_cv_env_secret_LIBS_value=
ac_cv_env_target_alias_set=
ac_cv_env_target_alias_value=
ac_cv_env_udisks2_CFLAGS_set=
ac_cv_env_udisks2_CFLAGS_value=
ac_cv_env_udisks2_LIBS_set=
ac_cv_env_udisks2_LIBS_value=
ac_cv_func_connect=yes
ac_cv_func_gethostbyname=yes
ac_cv_func_malloc_0_nonnull=yes
ac_cv_func_memset=yes
ac_cv_func_pipe2=yes
ac_cv_func_remove=yes
ac_cv_func_shmat=yes
ac_cv_func_statvfs=yes
ac_cv_func_strtol=yes
ac_cv_have_x='have_x=yes	ac_x_includes='\'''\''	ac_x_libraries='\'''\'''
ac_cv_header_fstab_h=yes
ac_cv_header_inttypes_h=yes
ac_cv_header_memory_h=yes
ac_cv_header_mntent_h=yes
ac_cv_header_stdc=yes
ac_cv_header_stdint_h=yes
ac_cv_header_stdlib_h=yes
ac_cv_header_string_h=yes
ac_cv_header_strings_h=yes
ac_cv_header_sys_stat_h=yes
ac_cv_header_sys_statvfs_h=yes
ac_cv_header_sys_types_h=yes
ac_cv_header_time=yes
ac_cv_header_unistd_h=yes
ac_cv_lib_ICE_IceConnectionNumber=yes
ac_cv_lib_m_round=yes
ac_cv_objext=o
ac_cv_path_EGREP='/usr/bin/grep -E'
ac_cv_path_GREP=/usr/bin/grep
ac_cv_path_ac_pt_PKG_CONFIG=/usr/bin/pkg-config
ac_cv_path_install='/usr/bin/install -c'
ac_cv_path_mkdir=/usr/bin/mkdir
ac_cv_prog_AWK=gawk
ac_cv_prog_CPP='gcc -E'
ac_cv_prog_ac_ct_CC=gcc
ac_cv_prog_ac_ct_RANLIB=ranlib
ac_cv_prog_cc_c89=
ac_cv_prog_cc_c99=
ac_cv_prog_cc_g=yes
ac_cv_prog_cc_stdc=
ac_cv_prog_make_make_set=yes
ac_cv_type_size_t=yes
am_cv_CC_dependencies_compiler_type=gcc3
am_cv_make_support_nested_variables=yes
am_cv_prog_cc_c_o=yes
ax_cv_linker_flags__Wl___as_needed=yes
pkg_cv_gcr_CFLAGS='-I/usr/include/gcr-3 -I/usr/include/glib-2.0 -I/usr/lib/x86_64-linux-gnu/glib-2.0/include -I/usr/include/sysprof-6 -I/usr/include/libmount -I/usr/include/blkid -I/usr/include/gck-1 -I/usr/include/p11-kit-1 -I/usr/include/gtk-3.0 -I/usr/include/pango-1.0 -I/usr/include/harfbuzz -I/usr/include/freetype2 -I/usr/include/libpng16 -I/usr/include/fribidi -I/usr/include/cairo -I/usr/include/pixman-1 -I/usr/include/gdk-pixbuf-2.0 -I/usr/include/x86_64-linux-gnu -I/usr/include/webp -I/usr/include/gio-unix-2.0 -I/usr/include/cloudproviders -I/usr/include/atk-1.0 -I/usr/include/at-spi2-atk/2.0 -I/usr/include/at-spi-2.0 -I/usr/include/dbus-1.0 -I/usr/lib/x86_64-linux-gnu/dbus-1.0/include -pthread '
pkg_cv_gcr_LIBS='-lgcr-ui-3 -lgcr-base-3 -lgck-1 -lp11-kit -lgtk-3 -lgdk-3 -lz -lpangocairo-1.0 -lpango-1.0 -lharfbuzz -latk-1.0 -lcairo-gobject -lcairo -lgdk_pixbuf-2.0 -lgio-2.0 -lgobject-2.0 -lglib-2.0 '
pkg_cv_gdk_pixbuf_CFLAGS='-I/usr/include/gdk-pixbuf-2.0 -I/usr/include/glib-2.0 -I/usr/lib/x86_64-linux-gnu/glib-2.0/include -I/usr/include/sysprof-6 -I/usr/include/libpng16 -I/usr/include/x86_64-linux-gnu -I/usr/include/webp -I/usr/include/libmount -I/usr/include/blkid -pthread '
pkg_cv_gdk_pixbuf_LIBS='-lgdk_pixbuf-2.0 -lgobject-2.0 -lglib-2.0 '
pkg_cv_secret_CFLAGS='-I/usr/include/libsecret-1 -I/usr/include/glib-2.0 -I/usr/lib/x86_64-linux-gnu/glib-2.0/include -I/usr/include/sysprof-6 -I/usr/include/libmount -I/usr/include/blkid -I/usr/include/gio-unix-2.0 -pthread '
pkg_cv_secret_LIBS='-lsecret-1 -lgio-2.0 -lgobject-2.0 -lglib-2.0 '
pkg_cv_udisks2_CFLAGS='-I/usr/include/udisks2 -I/usr/include/glib-2.0 -I/usr/lib/x86_64-linux-gnu/glib-2.0/include -I/usr/include/sysprof-6 -I/usr/include/libmount -I/usr/include/blkid -pthread '
pkg_cv_udisks2_LIBS='-ludisks2 -lgio-2.0 -lgobject-2.0 -lglib-2.0 '

## ----------------- ##
## Output variables. ##
## ----------------- ##

ACLOCAL='${SHELL} /home/patrick/SOURCES/agnostep/build/agnostep-theme/install/TOOLS/dockapps/wmudmount/missing aclocal-1.16'
AMDEPBACKSLASH='\'
AMDEP_FALSE='#'
AMDEP_TRUE=''
AMTAR='$${TAR-tar}'
AM_BACKSLASH='\'
AM_DEFAULT_V='$(AM_DEFAULT_VERBOSITY)'
AM_DEFAULT_VERBOSITY='0'
AM_V='$(V)'
AUTOCONF='${SHELL} /home/patrick/SOURCES/agnostep/build/agnostep-theme/install/TOOLS/dockapps/wmudmount/missing autoconf'
AUTOHEADER='${SHELL} /home/patrick/SOURCES/agnostep/build/agnostep-theme/install/TOOLS/dockapps/wmudmount/missing autoheader'
AUTOMAKE='${SHELL} /home/patrick/SOURCES/agnostep/build/agnostep-theme/install/TOOLS/dockapps/wmudmount/missing automake-1.16'
AWK='gawk'
CC='gcc'
CCDEPMODE='depmode=gcc3'
CFLAGS='-g -O2'
CPP='gcc -E'
CPPFLAGS=''
CYGPATH_W='echo'
DATE='January  8, 2026'
DEFS='-DHAVE_CONFIG_H'
DEPDIR='.deps'
ECHO_C=''
ECHO_N='-n'
ECHO_T=''
EGREP='/usr/bin/grep -E'
EXEEXT=''
GREP='/usr/bin/grep'
GTK_CFLAGS='-I/usr/include/gtk-3.0 -I/usr/include/pango-1.0 -I/usr/include/glib-2.0 -I/usr/lib/x86_64-linux-gnu/glib-2.0/include -I/usr/include/sysprof-6 -I/usr/include/harfbuzz -I/usr/include/freetype2 -I/usr/include/libpng16 -I/usr/include/libmount -I/usr/include/blkid -I/usr/include/fribidi -I/usr/include/cairo -I/usr/include/pixman-1 -I/usr/include/gdk-pixbuf-2.0 -I/usr/include/x86_64-linux-gnu -I/usr/include/webp -I/usr/include/gio-unix-2.0 -I/usr/include/cloudproviders -I/usr/include/atk-1.0 -I/usr/include/at-spi2-atk/2.0 -I/usr/include/at-spi-2.0 -I/usr/include/dbus-1.0 -I/usr/lib/x86_64-linux-gnu/dbus-1.0/include -pthread '
GTK_LIBS='-lgtk-3 -lgdk-3 -lz -lpangocairo-1.0 -lpango-1.0 -lharfbuzz -latk-1.0 -lcairo-gobject -lcairo -lgdk_pixbuf-2.0 -lgio-2.0 -lgobject-2.0 -lglib-2.0 '
INSTALL_DATA='${INSTALL} -m 644'
INSTALL_PROGRAM='${INSTALL}'
INSTALL_SCRIPT='${INSTALL}'
INSTALL_STRIP_PROGRAM='$(install_sh) -c -s'
LDFLAGS=' -Wl,--as-needed'
LIBOBJS=''
LIBS='-lm '
LN_S='ln -s'
LTLIBOBJS=''
MAKEINFO='${SHELL} /home/patrick/SOURCES/agnostep/build/agnostep-theme/install/TOOLS/dockapps/wmudmount/missing makeinfo'
MKDIR_P='/usr/bin/mkdir -p'
OBJEXT='o'
PACKAGE='wmudmount'
PACKAGE_BUGREPORT=''
PACKAGE_NAME='wmudmount'
PACKAGE_STRING='wmudmount 3.0'
PACKAGE_TARNAME='wmudmount'
PACKAGE_URL=''
PACKAGE_VERSION='3.0'
PATH_SEPARATOR=':'
PKG_CONFIG='/usr/bin/pkg-config'
PKG_CONFIG_LIBDIR=''
PKG_CONFIG_PATH='/home/patrick/GNUstep/Library/Libraries/pkgconfig:/Local/Library/Libraries/pkgconfig:/System/Library/Libraries/pkgconfig'
RANLIB='ranlib'
SET_MAKE=''
SHELL='/bin/bash'
STRIP=''
VERSION='3.0'
XMKMF=''
X_CFLAGS=' $(GTK_CFLAGS) $(gdk_pixbuf_CFLAGS) $(udisks2_CFLAGS) $(secret_CFLAGS) $(gcr_CFLAGS) $(libnotify_CFLAGS)'
X_EXTRA_LIBS=''
X_LIBS='$(X_PRE_LIBS)  -lX11 $(gdk_pixbuf_LIBS) $(X_EXTRA_LIBS) $(GTK_LIBS) $(udisks2_LIBS) $(secret_LIBS) $(gcr_LIBS) $(libnotify_LIBS)'
X_PRE_LIBS=' -lSM -lICE'
ac_ct_CC='gcc'
am__EXEEXT_FALSE=''
am__EXEEXT_TRUE='#'
am__fastdepCC_FALSE='#'
am__fastdepCC_TRUE=''
am__include='include'
am__isrc=''
am__leading_dot='.'
am__nodep='_no'
am__quote=''
am__tar='$${TAR-tar} chof - "$$tardir"'
am__untar='$${TAR-tar} xf -'
bindir='${exec_prefix}/bin'
build_alias=''
datadir='${datarootdir}'
datarootdir='${prefix}/share'
docdir='${datarootdir}/doc/${PACKAGE_TARNAME}'
dvidir='${docdir}'
exec_prefix='${prefix}'
gcr_CFLAGS='-I/usr/include/gcr-3 -I/usr/include/glib-2.0 -I/usr/lib/x86_64-linux-gnu/glib-2.0/include -I/usr/include/sysprof-6 -I/usr/include/libmount -I/usr/include/blkid -I/usr/include/gck-1 -I/usr/include/p11-kit-1 -I/usr/include/gtk-3.0 -I/usr/include/pango-1.0 -I/usr/include/harfbuzz -I/usr/include/freetype2 -I/usr/include/libpng16 -I/usr/include/fribidi -I/usr/include/cairo -I/usr/include/pixman-1 -I/usr/include/gdk-pixbuf-2.0 -I/usr/include/x86_64-linux-gnu -I/usr/include/webp -I/usr/include/gio-unix-2.0 -I/usr/include/cloudproviders -I/usr/include/atk-1.0 -I/usr/include/at-spi2-atk/2.0 -I/usr/include/at-spi-2.0 -I/usr/include/dbus-1.0 -I/usr/lib/x86_64-linux-gnu/dbus-1.0/include -pthread '
gcr_LIBS='-lgcr-ui-3 -lgcr-base-3 -lgck-1 -lp11-kit -lgtk-3 -lgdk-3 -lz -lpangocairo-1.0 -lpango-1.0 -lharfbuzz -latk-1.0 -lcairo-gobject -lcairo -lgdk_pixbuf-2.0 -lgio-2.0 -lgobject-2.0 -lglib-2.0 '
gdk_pixbuf_CFLAGS='-I/usr/include/gdk-pixbuf-2.0 -I/usr/include/glib-2.0 -I/usr/lib/x86_64-linux-gnu/glib-2.0/include -I/usr/include/sysprof-6 -I/usr/include/libpng16 -I/usr/include/x86_64-linux-gnu -I/usr/include/webp -I/usr/include/libmount -I/usr/include/blkid -pthread '
gdk_pixbuf_LIBS='-lgdk_pixbuf-2.0 -lgobject-2.0 -lglib-2.0 '
host_alias=''
htmldir='${docdir}'
includedir='${prefix}/include'
infodir='${datarootdir}/info'
install_sh='${SHELL} /home/patrick/SOURCES/agnostep/build/agnostep-theme/install/TOOLS/dockapps/wmudmount/install-sh'
libdir='${exec_prefix}/lib'
libexecdir='${exec_prefix}/libexec'
libnotify_CFLAGS=''
libnotify_LIBS=''
localedir='${datarootdir}/locale'
localstatedir='${prefix}/var'
mandir='${datarootdir}/man'
mkdir_p='$(MKDIR_P)'
oldincludedir='/usr/include'
pdfdir='${docdir}'
prefix='/usr/local'
program_transform_name='s,x,x,'
psdir='${docdir}'
runstatedir='${localstatedir}/run'
sbindir='${exec_prefix}/sbin'
secret_CFLAGS='-I/usr/include/libsecret-1 -I/usr/include/glib-2.0 -I/usr/lib/x86_64-linux-gnu/glib-2.0/include -I/usr/include/sysprof-6 -I/usr/include/libmount -I/usr/include/blkid -I/usr/include/gio-unix-2.0 -pthread '
secret_LIBS='-lsecret-1 -lgio-2.0 -lgobject-2.0 -lglib-2.0 '
sharedstatedir='${prefix}/com'
sysconfdir='${prefix}/etc'
target_alias=''
udisks2_CFLAGS='-I/usr/include/udisks2 -I/usr/include/glib-2.0 -I/usr/lib/x86_64-linux-gnu/glib-2.0/include -I/usr/include/sysprof-6 -I/usr/include/libmount -I/usr/include/blkid -pthread '
udisks2_LIBS='-ludisks2 -lgio-2.0 -lgobject-2.0 -lglib-2.0 '

## ----------- ##
## confdefs.h. ##
## ----------- ##

/* confdefs.h */
#define PACKAGE_NAME "wmudmount"
#define PACKAGE_TARNAME "wmudmount"
#define PACKAGE_VERSION "3.0"
#define PACKAGE_STRING "wmudmount 3.0"
#define PACKAGE_BUGREPORT ""
#define PACKAGE_URL ""
#define PACKAGE "wmudmount"
#define VERSION "3.0"
#define HAVE_LIBM 1
#define HAVE_SECRET 1
#define HAVE_GCR 1
#define STDC_HEADERS 1
#define HAVE_SYS_TYPES_H 1
#define HAVE_SYS_STAT_H 1
#define HAVE_STDLIB_H 1
#define HAVE_STRING_H 1
#define HAVE_MEMORY_H 1
#define HAVE_STRINGS_H 1
#define HAVE_INTTYPES_H 1
#define HAVE_STDINT_H 1
#define HAVE_UNISTD_H 1
#define HAVE_STRING_H 1
#define HAVE_SYS_STATVFS_H 1
#define TIME_WITH_SYS_TIME 1
#define HAVE_STDLIB_H 1
#define HAVE_MALLOC 1
#define HAVE_PIPE2 1
#define HAVE_MEMSET 1
#define HAVE_STRTOL 1
#define HAVE_PRCTL 1
#define HAVE_STATVFS 1
#define HAVE_MNTENT_H 1
#define HAVE_MNTENT_FUNCS 1
#define HAVE_FSTAB_H 1
#define HAVE_FSTAB_FUNCS 1

configure: exit 0
